2020-03-17 00:19:34.706  INFO 16576 --- [main] c.s.community.CommunityApplication       : Starting CommunityApplication on DESKTOP-VCDINT4 with PID 16576 (E:\Java\community\target\classes started by sofency in E:\Java\community)
2020-03-17 00:19:34.712  INFO 16576 --- [main] c.s.community.CommunityApplication       : No active profile set, falling back to default profiles: default
2020-03-17 00:19:35.219  INFO 16576 --- [main] .s.d.r.c.RepositoryConfigurationDelegate : Multiple Spring Data modules found, entering strict repository configuration mode!
2020-03-17 00:19:35.221  INFO 16576 --- [main] .s.d.r.c.RepositoryConfigurationDelegate : Bootstrapping Spring Data Redis repositories in DEFAULT mode.
2020-03-17 00:19:35.244  INFO 16576 --- [main] .s.d.r.c.RepositoryConfigurationDelegate : Finished Spring Data repository scanning in 13ms. Found 0 Redis repository interfaces.
2020-03-17 00:19:35.431  INFO 16576 --- [main] trationDelegate$BeanPostProcessorChecker : Bean 'org.springframework.transaction.annotation.ProxyTransactionManagementConfiguration' of type [org.springframework.transaction.annotation.ProxyTransactionManagementConfiguration] is not eligible for getting processed by all BeanPostProcessors (for example: not eligible for auto-proxying)
2020-03-17 00:19:35.604  INFO 16576 --- [main] o.s.b.w.embedded.tomcat.TomcatWebServer  : Tomcat initialized with port(s): 8080 (http)
2020-03-17 00:19:35.611  INFO 16576 --- [main] o.apache.catalina.core.StandardService   : Starting service [Tomcat]
2020-03-17 00:19:35.612  INFO 16576 --- [main] org.apache.catalina.core.StandardEngine  : Starting Servlet engine: [Apache Tomcat/9.0.30]
2020-03-17 00:19:35.680  INFO 16576 --- [main] o.a.c.c.C.[Tomcat].[localhost].[/]       : Initializing Spring embedded WebApplicationContext
2020-03-17 00:19:35.681  INFO 16576 --- [main] o.s.web.context.ContextLoader            : Root WebApplicationContext: initialization completed in 918 ms
2020-03-17 00:19:36.320  INFO 16576 --- [main] o.s.b.w.embedded.tomcat.TomcatWebServer  : Tomcat started on port(s): 8080 (http) with context path ''
2020-03-17 00:19:36.322  INFO 16576 --- [main] c.s.community.CommunityApplication       : Started CommunityApplication in 1.853 seconds (JVM running for 2.525)
2020-03-17 00:19:40.042  INFO 16576 --- [http-nio-8080-exec-1] o.a.c.c.C.[Tomcat].[localhost].[/]       : Initializing Spring DispatcherServlet 'dispatcherServlet'
2020-03-17 00:19:40.042  INFO 16576 --- [http-nio-8080-exec-1] o.s.web.servlet.DispatcherServlet        : Initializing Servlet 'dispatcherServlet'
2020-03-17 00:19:40.046  INFO 16576 --- [http-nio-8080-exec-1] o.s.web.servlet.DispatcherServlet        : Completed initialization in 4 ms
2020-03-17 00:19:40.095  INFO 16576 --- [http-nio-8080-exec-1] com.zaxxer.hikari.HikariDataSource       : HikariPool-1 - Starting...
2020-03-17 00:19:40.404  INFO 16576 --- [http-nio-8080-exec-1] com.zaxxer.hikari.HikariDataSource       : HikariPool-1 - Start completed.
2020-03-17 00:19:40.409 DEBUG 16576 --- [http-nio-8080-exec-1] .Q.selectByExampleWithBLOBsWithRowbounds : ==>  Preparing: select id, title, tag, like_count, view_count, creator_id, comment_count, gmt_create, gmt_modify , description from question 
2020-03-17 00:19:40.424 DEBUG 16576 --- [http-nio-8080-exec-1] .Q.selectByExampleWithBLOBsWithRowbounds : ==> Parameters: 
2020-03-17 00:19:40.437 DEBUG 16576 --- [http-nio-8080-exec-1] .Q.selectByExampleWithBLOBsWithRowbounds : <==      Total: 2
2020-03-17 00:19:40.441 DEBUG 16576 --- [http-nio-8080-exec-1] c.s.c.m.QuestionMapper.countByExample    : ==>  Preparing: select count(*) from question 
2020-03-17 00:19:40.441 DEBUG 16576 --- [http-nio-8080-exec-1] c.s.c.m.QuestionMapper.countByExample    : ==> Parameters: 
2020-03-17 00:19:40.443 DEBUG 16576 --- [http-nio-8080-exec-1] c.s.c.m.QuestionMapper.countByExample    : <==      Total: 1
2020-03-17 00:19:40.452 DEBUG 16576 --- [http-nio-8080-exec-1] c.s.c.mapper.UserMapper.selectByExample  : ==>  Preparing: select generate_id, account_id, name, token, gmt_create, gmt_modify, avatar_url from user WHERE ( account_id = ? ) 
2020-03-17 00:19:40.452 DEBUG 16576 --- [http-nio-8080-exec-1] c.s.c.mapper.UserMapper.selectByExample  : ==> Parameters: 48281891(Long)
2020-03-17 00:19:40.454 DEBUG 16576 --- [http-nio-8080-exec-1] c.s.c.mapper.UserMapper.selectByExample  : <==      Total: 1
2020-03-17 00:19:40.463 DEBUG 16576 --- [http-nio-8080-exec-1] c.s.c.mapper.UserMapper.selectByExample  : ==>  Preparing: select generate_id, account_id, name, token, gmt_create, gmt_modify, avatar_url from user WHERE ( account_id = ? ) 
2020-03-17 00:19:40.463 DEBUG 16576 --- [http-nio-8080-exec-1] c.s.c.mapper.UserMapper.selectByExample  : ==> Parameters: 48281891(Long)
2020-03-17 00:19:40.464 DEBUG 16576 --- [http-nio-8080-exec-1] c.s.c.mapper.UserMapper.selectByExample  : <==      Total: 1
2020-03-17 00:20:44.156  INFO 7148 --- [main] c.s.community.CommunityApplication       : Starting CommunityApplication on DESKTOP-VCDINT4 with PID 7148 (E:\Java\community\target\classes started by sofency in E:\Java\community)
2020-03-17 00:20:44.159  INFO 7148 --- [main] c.s.community.CommunityApplication       : No active profile set, falling back to default profiles: default
2020-03-17 00:20:44.665  INFO 7148 --- [main] .s.d.r.c.RepositoryConfigurationDelegate : Multiple Spring Data modules found, entering strict repository configuration mode!
2020-03-17 00:20:44.667  INFO 7148 --- [main] .s.d.r.c.RepositoryConfigurationDelegate : Bootstrapping Spring Data Redis repositories in DEFAULT mode.
2020-03-17 00:20:44.699  INFO 7148 --- [main] .s.d.r.c.RepositoryConfigurationDelegate : Finished Spring Data repository scanning in 20ms. Found 0 Redis repository interfaces.
2020-03-17 00:20:44.942  INFO 7148 --- [main] trationDelegate$BeanPostProcessorChecker : Bean 'org.springframework.transaction.annotation.ProxyTransactionManagementConfiguration' of type [org.springframework.transaction.annotation.ProxyTransactionManagementConfiguration] is not eligible for getting processed by all BeanPostProcessors (for example: not eligible for auto-proxying)
2020-03-17 00:20:45.134  INFO 7148 --- [main] o.s.b.w.embedded.tomcat.TomcatWebServer  : Tomcat initialized with port(s): 8080 (http)
2020-03-17 00:20:45.142  INFO 7148 --- [main] o.apache.catalina.core.StandardService   : Starting service [Tomcat]
2020-03-17 00:20:45.142  INFO 7148 --- [main] org.apache.catalina.core.StandardEngine  : Starting Servlet engine: [Apache Tomcat/9.0.30]
2020-03-17 00:20:45.201  INFO 7148 --- [main] o.a.c.c.C.[Tomcat].[localhost].[/]       : Initializing Spring embedded WebApplicationContext
2020-03-17 00:20:45.202  INFO 7148 --- [main] o.s.web.context.ContextLoader            : Root WebApplicationContext: initialization completed in 994 ms
2020-03-17 00:20:45.922  INFO 7148 --- [main] o.s.b.w.embedded.tomcat.TomcatWebServer  : Tomcat started on port(s): 8080 (http) with context path ''
2020-03-17 00:20:45.924  INFO 7148 --- [main] c.s.community.CommunityApplication       : Started CommunityApplication in 2.119 seconds (JVM running for 3.037)
2020-03-17 00:20:54.617  INFO 7148 --- [http-nio-8080-exec-1] o.a.c.c.C.[Tomcat].[localhost].[/]       : Initializing Spring DispatcherServlet 'dispatcherServlet'
2020-03-17 00:20:54.618  INFO 7148 --- [http-nio-8080-exec-1] o.s.web.servlet.DispatcherServlet        : Initializing Servlet 'dispatcherServlet'
2020-03-17 00:20:54.626  INFO 7148 --- [http-nio-8080-exec-1] o.s.web.servlet.DispatcherServlet        : Completed initialization in 8 ms
2020-03-17 00:20:54.695  INFO 7148 --- [http-nio-8080-exec-1] com.zaxxer.hikari.HikariDataSource       : HikariPool-1 - Starting...
2020-03-17 00:20:55.111  INFO 7148 --- [http-nio-8080-exec-1] com.zaxxer.hikari.HikariDataSource       : HikariPool-1 - Start completed.
2020-03-17 00:20:55.118 DEBUG 7148 --- [http-nio-8080-exec-1] .Q.selectByExampleWithBLOBsWithRowbounds : ==>  Preparing: select id, title, tag, like_count, view_count, creator_id, comment_count, gmt_create, gmt_modify , description from question 
2020-03-17 00:20:55.136 DEBUG 7148 --- [http-nio-8080-exec-1] .Q.selectByExampleWithBLOBsWithRowbounds : ==> Parameters: 
2020-03-17 00:20:55.154 DEBUG 7148 --- [http-nio-8080-exec-1] .Q.selectByExampleWithBLOBsWithRowbounds : <==      Total: 2
2020-03-17 00:20:55.159 DEBUG 7148 --- [http-nio-8080-exec-1] c.s.c.m.QuestionMapper.countByExample    : ==>  Preparing: select count(*) from question 
2020-03-17 00:20:55.160 DEBUG 7148 --- [http-nio-8080-exec-1] c.s.c.m.QuestionMapper.countByExample    : ==> Parameters: 
2020-03-17 00:20:55.162 DEBUG 7148 --- [http-nio-8080-exec-1] c.s.c.m.QuestionMapper.countByExample    : <==      Total: 1
2020-03-17 00:20:55.176 DEBUG 7148 --- [http-nio-8080-exec-1] c.s.c.mapper.UserMapper.selectByExample  : ==>  Preparing: select generate_id, account_id, name, token, gmt_create, gmt_modify, avatar_url from user WHERE ( account_id = ? ) 
2020-03-17 00:20:55.177 DEBUG 7148 --- [http-nio-8080-exec-1] c.s.c.mapper.UserMapper.selectByExample  : ==> Parameters: 48281891(Long)
2020-03-17 00:20:55.178 DEBUG 7148 --- [http-nio-8080-exec-1] c.s.c.mapper.UserMapper.selectByExample  : <==      Total: 1
2020-03-17 00:20:55.191 DEBUG 7148 --- [http-nio-8080-exec-1] c.s.c.mapper.UserMapper.selectByExample  : ==>  Preparing: select generate_id, account_id, name, token, gmt_create, gmt_modify, avatar_url from user WHERE ( account_id = ? ) 
2020-03-17 00:20:55.191 DEBUG 7148 --- [http-nio-8080-exec-1] c.s.c.mapper.UserMapper.selectByExample  : ==> Parameters: 48281891(Long)
2020-03-17 00:20:55.193 DEBUG 7148 --- [http-nio-8080-exec-1] c.s.c.mapper.UserMapper.selectByExample  : <==      Total: 1
2020-03-17 00:20:56.928 DEBUG 7148 --- [http-nio-8080-exec-2] .Q.selectByExampleWithBLOBsWithRowbounds : ==>  Preparing: select id, title, tag, like_count, view_count, creator_id, comment_count, gmt_create, gmt_modify , description from question 
2020-03-17 00:20:56.929 DEBUG 7148 --- [http-nio-8080-exec-2] .Q.selectByExampleWithBLOBsWithRowbounds : ==> Parameters: 
2020-03-17 00:20:56.934 DEBUG 7148 --- [http-nio-8080-exec-2] .Q.selectByExampleWithBLOBsWithRowbounds : <==      Total: 2
2020-03-17 00:20:56.934 DEBUG 7148 --- [http-nio-8080-exec-2] c.s.c.m.QuestionMapper.countByExample    : ==>  Preparing: select count(*) from question 
2020-03-17 00:20:56.935 DEBUG 7148 --- [http-nio-8080-exec-2] c.s.c.m.QuestionMapper.countByExample    : ==> Parameters: 
2020-03-17 00:20:56.938 DEBUG 7148 --- [http-nio-8080-exec-2] c.s.c.m.QuestionMapper.countByExample    : <==      Total: 1
2020-03-17 00:20:56.941 DEBUG 7148 --- [http-nio-8080-exec-2] c.s.c.mapper.UserMapper.selectByExample  : ==>  Preparing: select generate_id, account_id, name, token, gmt_create, gmt_modify, avatar_url from user WHERE ( account_id = ? ) 
2020-03-17 00:20:56.941 DEBUG 7148 --- [http-nio-8080-exec-2] c.s.c.mapper.UserMapper.selectByExample  : ==> Parameters: 48281891(Long)
2020-03-17 00:20:56.943 DEBUG 7148 --- [http-nio-8080-exec-2] c.s.c.mapper.UserMapper.selectByExample  : <==      Total: 1
2020-03-17 00:20:56.944 DEBUG 7148 --- [http-nio-8080-exec-2] c.s.c.mapper.UserMapper.selectByExample  : ==>  Preparing: select generate_id, account_id, name, token, gmt_create, gmt_modify, avatar_url from user WHERE ( account_id = ? ) 
2020-03-17 00:20:56.945 DEBUG 7148 --- [http-nio-8080-exec-2] c.s.c.mapper.UserMapper.selectByExample  : ==> Parameters: 48281891(Long)
2020-03-17 00:20:56.946 DEBUG 7148 --- [http-nio-8080-exec-2] c.s.c.mapper.UserMapper.selectByExample  : <==      Total: 1
2020-03-17 00:22:55.957  WARN 7148 --- [HikariPool-1 housekeeper] com.zaxxer.hikari.pool.HikariPool        : HikariPool-1 - Thread starvation or clock leap detected (housekeeper delta=2m744ms407µs100ns).
2020-03-17 00:22:55.995  INFO 7148 --- [SpringContextShutdownHook] com.zaxxer.hikari.HikariDataSource       : HikariPool-1 - Shutdown initiated...
2020-03-17 00:22:56.008  INFO 7148 --- [SpringContextShutdownHook] com.zaxxer.hikari.HikariDataSource       : HikariPool-1 - Shutdown completed.
2020-03-17 00:22:59.470  INFO 15208 --- [main] c.s.community.CommunityApplication       : Starting CommunityApplication on DESKTOP-VCDINT4 with PID 15208 (E:\Java\community\target\classes started by sofency in E:\Java\community)
2020-03-17 00:22:59.473  INFO 15208 --- [main] c.s.community.CommunityApplication       : No active profile set, falling back to default profiles: default
2020-03-17 00:22:59.970  INFO 15208 --- [main] .s.d.r.c.RepositoryConfigurationDelegate : Multiple Spring Data modules found, entering strict repository configuration mode!
2020-03-17 00:22:59.972  INFO 15208 --- [main] .s.d.r.c.RepositoryConfigurationDelegate : Bootstrapping Spring Data Redis repositories in DEFAULT mode.
2020-03-17 00:22:59.999  INFO 15208 --- [main] .s.d.r.c.RepositoryConfigurationDelegate : Finished Spring Data repository scanning in 17ms. Found 0 Redis repository interfaces.
2020-03-17 00:23:00.279  INFO 15208 --- [main] trationDelegate$BeanPostProcessorChecker : Bean 'org.springframework.transaction.annotation.ProxyTransactionManagementConfiguration' of type [org.springframework.transaction.annotation.ProxyTransactionManagementConfiguration] is not eligible for getting processed by all BeanPostProcessors (for example: not eligible for auto-proxying)
2020-03-17 00:23:00.474  INFO 15208 --- [main] o.s.b.w.embedded.tomcat.TomcatWebServer  : Tomcat initialized with port(s): 8080 (http)
2020-03-17 00:23:00.482  INFO 15208 --- [main] o.apache.catalina.core.StandardService   : Starting service [Tomcat]
2020-03-17 00:23:00.482  INFO 15208 --- [main] org.apache.catalina.core.StandardEngine  : Starting Servlet engine: [Apache Tomcat/9.0.30]
2020-03-17 00:23:00.547  INFO 15208 --- [main] o.a.c.c.C.[Tomcat].[localhost].[/]       : Initializing Spring embedded WebApplicationContext
2020-03-17 00:23:00.547  INFO 15208 --- [main] o.s.web.context.ContextLoader            : Root WebApplicationContext: initialization completed in 1022 ms
2020-03-17 00:23:01.240  INFO 15208 --- [main] o.s.b.w.embedded.tomcat.TomcatWebServer  : Tomcat started on port(s): 8080 (http) with context path ''
2020-03-17 00:23:01.242  INFO 15208 --- [main] c.s.community.CommunityApplication       : Started CommunityApplication in 2.32 seconds (JVM running for 3.052)
2020-03-17 00:23:04.411  INFO 15208 --- [http-nio-8080-exec-1] o.a.c.c.C.[Tomcat].[localhost].[/]       : Initializing Spring DispatcherServlet 'dispatcherServlet'
2020-03-17 00:23:04.411  INFO 15208 --- [http-nio-8080-exec-1] o.s.web.servlet.DispatcherServlet        : Initializing Servlet 'dispatcherServlet'
2020-03-17 00:23:04.417  INFO 15208 --- [http-nio-8080-exec-1] o.s.web.servlet.DispatcherServlet        : Completed initialization in 6 ms
2020-03-17 00:23:04.480  INFO 15208 --- [http-nio-8080-exec-1] com.zaxxer.hikari.HikariDataSource       : HikariPool-1 - Starting...
2020-03-17 00:23:04.816  INFO 15208 --- [http-nio-8080-exec-1] com.zaxxer.hikari.HikariDataSource       : HikariPool-1 - Start completed.
2020-03-17 00:23:04.823 DEBUG 15208 --- [http-nio-8080-exec-1] .Q.selectByExampleWithBLOBsWithRowbounds : ==>  Preparing: select id, title, tag, like_count, view_count, creator_id, comment_count, gmt_create, gmt_modify , description from question 
2020-03-17 00:23:04.840 DEBUG 15208 --- [http-nio-8080-exec-1] .Q.selectByExampleWithBLOBsWithRowbounds : ==> Parameters: 
2020-03-17 00:23:04.857 DEBUG 15208 --- [http-nio-8080-exec-1] .Q.selectByExampleWithBLOBsWithRowbounds : <==      Total: 2
2020-03-17 00:23:04.862 DEBUG 15208 --- [http-nio-8080-exec-1] c.s.c.m.QuestionMapper.countByExample    : ==>  Preparing: select count(*) from question 
2020-03-17 00:23:04.862 DEBUG 15208 --- [http-nio-8080-exec-1] c.s.c.m.QuestionMapper.countByExample    : ==> Parameters: 
2020-03-17 00:23:04.865 DEBUG 15208 --- [http-nio-8080-exec-1] c.s.c.m.QuestionMapper.countByExample    : <==      Total: 1
2020-03-17 00:23:04.877 DEBUG 15208 --- [http-nio-8080-exec-1] c.s.c.mapper.UserMapper.selectByExample  : ==>  Preparing: select generate_id, account_id, name, token, gmt_create, gmt_modify, avatar_url from user WHERE ( account_id = ? ) 
2020-03-17 00:23:04.877 DEBUG 15208 --- [http-nio-8080-exec-1] c.s.c.mapper.UserMapper.selectByExample  : ==> Parameters: 48281891(Long)
2020-03-17 00:23:04.879 DEBUG 15208 --- [http-nio-8080-exec-1] c.s.c.mapper.UserMapper.selectByExample  : <==      Total: 1
2020-03-17 00:23:04.891 DEBUG 15208 --- [http-nio-8080-exec-1] c.s.c.mapper.UserMapper.selectByExample  : ==>  Preparing: select generate_id, account_id, name, token, gmt_create, gmt_modify, avatar_url from user WHERE ( account_id = ? ) 
2020-03-17 00:23:04.891 DEBUG 15208 --- [http-nio-8080-exec-1] c.s.c.mapper.UserMapper.selectByExample  : ==> Parameters: 48281891(Long)
2020-03-17 00:23:04.892 DEBUG 15208 --- [http-nio-8080-exec-1] c.s.c.mapper.UserMapper.selectByExample  : <==      Total: 1
2020-03-17 00:24:58.721  WARN 15208 --- [HikariPool-1 housekeeper] com.zaxxer.hikari.pool.HikariPool        : HikariPool-1 - Thread starvation or clock leap detected (housekeeper delta=1m53s792ms280µs700ns).
2020-03-17 00:24:58.743  INFO 15208 --- [SpringContextShutdownHook] com.zaxxer.hikari.HikariDataSource       : HikariPool-1 - Shutdown initiated...
2020-03-17 00:24:58.757  INFO 15208 --- [SpringContextShutdownHook] com.zaxxer.hikari.HikariDataSource       : HikariPool-1 - Shutdown completed.
2020-03-17 00:25:02.518  INFO 1292 --- [main] c.s.community.CommunityApplication       : Starting CommunityApplication on DESKTOP-VCDINT4 with PID 1292 (E:\Java\community\target\classes started by sofency in E:\Java\community)
2020-03-17 00:25:02.521  INFO 1292 --- [main] c.s.community.CommunityApplication       : No active profile set, falling back to default profiles: default
2020-03-17 00:25:03.022  INFO 1292 --- [main] .s.d.r.c.RepositoryConfigurationDelegate : Multiple Spring Data modules found, entering strict repository configuration mode!
2020-03-17 00:25:03.024  INFO 1292 --- [main] .s.d.r.c.RepositoryConfigurationDelegate : Bootstrapping Spring Data Redis repositories in DEFAULT mode.
2020-03-17 00:25:03.054  INFO 1292 --- [main] .s.d.r.c.RepositoryConfigurationDelegate : Finished Spring Data repository scanning in 19ms. Found 0 Redis repository interfaces.
2020-03-17 00:25:03.263  INFO 1292 --- [main] trationDelegate$BeanPostProcessorChecker : Bean 'org.springframework.transaction.annotation.ProxyTransactionManagementConfiguration' of type [org.springframework.transaction.annotation.ProxyTransactionManagementConfiguration] is not eligible for getting processed by all BeanPostProcessors (for example: not eligible for auto-proxying)
2020-03-17 00:25:03.428  INFO 1292 --- [main] o.s.b.w.embedded.tomcat.TomcatWebServer  : Tomcat initialized with port(s): 8080 (http)
2020-03-17 00:25:03.435  INFO 1292 --- [main] o.apache.catalina.core.StandardService   : Starting service [Tomcat]
2020-03-17 00:25:03.435  INFO 1292 --- [main] org.apache.catalina.core.StandardEngine  : Starting Servlet engine: [Apache Tomcat/9.0.30]
2020-03-17 00:25:03.492  INFO 1292 --- [main] o.a.c.c.C.[Tomcat].[localhost].[/]       : Initializing Spring embedded WebApplicationContext
2020-03-17 00:25:03.493  INFO 1292 --- [main] o.s.web.context.ContextLoader            : Root WebApplicationContext: initialization completed in 926 ms
2020-03-17 00:25:04.193  INFO 1292 --- [main] o.s.b.w.embedded.tomcat.TomcatWebServer  : Tomcat started on port(s): 8080 (http) with context path ''
2020-03-17 00:25:04.195  INFO 1292 --- [main] c.s.community.CommunityApplication       : Started CommunityApplication in 2.026 seconds (JVM running for 2.665)
2020-03-17 00:25:07.709  INFO 1292 --- [http-nio-8080-exec-1] o.a.c.c.C.[Tomcat].[localhost].[/]       : Initializing Spring DispatcherServlet 'dispatcherServlet'
2020-03-17 00:25:07.710  INFO 1292 --- [http-nio-8080-exec-1] o.s.web.servlet.DispatcherServlet        : Initializing Servlet 'dispatcherServlet'
2020-03-17 00:25:07.716  INFO 1292 --- [http-nio-8080-exec-1] o.s.web.servlet.DispatcherServlet        : Completed initialization in 6 ms
2020-03-17 00:25:07.769  INFO 1292 --- [http-nio-8080-exec-1] com.zaxxer.hikari.HikariDataSource       : HikariPool-1 - Starting...
2020-03-17 00:25:08.112  INFO 1292 --- [http-nio-8080-exec-1] com.zaxxer.hikari.HikariDataSource       : HikariPool-1 - Start completed.
2020-03-17 00:25:08.118 DEBUG 1292 --- [http-nio-8080-exec-1] .Q.selectByExampleWithBLOBsWithRowbounds : ==>  Preparing: select id, title, tag, like_count, view_count, creator_id, comment_count, gmt_create, gmt_modify , description from question 
2020-03-17 00:25:08.134 DEBUG 1292 --- [http-nio-8080-exec-1] .Q.selectByExampleWithBLOBsWithRowbounds : ==> Parameters: 
2020-03-17 00:25:08.151 DEBUG 1292 --- [http-nio-8080-exec-1] .Q.selectByExampleWithBLOBsWithRowbounds : <==      Total: 2
2020-03-17 00:25:08.155 DEBUG 1292 --- [http-nio-8080-exec-1] c.s.c.m.QuestionMapper.countByExample    : ==>  Preparing: select count(*) from question 
2020-03-17 00:25:08.155 DEBUG 1292 --- [http-nio-8080-exec-1] c.s.c.m.QuestionMapper.countByExample    : ==> Parameters: 
2020-03-17 00:25:08.158 DEBUG 1292 --- [http-nio-8080-exec-1] c.s.c.m.QuestionMapper.countByExample    : <==      Total: 1
2020-03-17 00:25:08.169 DEBUG 1292 --- [http-nio-8080-exec-1] c.s.c.mapper.UserMapper.selectByExample  : ==>  Preparing: select generate_id, account_id, name, token, gmt_create, gmt_modify, avatar_url from user WHERE ( account_id = ? ) 
2020-03-17 00:25:08.170 DEBUG 1292 --- [http-nio-8080-exec-1] c.s.c.mapper.UserMapper.selectByExample  : ==> Parameters: 48281891(Long)
2020-03-17 00:25:08.171 DEBUG 1292 --- [http-nio-8080-exec-1] c.s.c.mapper.UserMapper.selectByExample  : <==      Total: 1
2020-03-17 00:25:08.182 DEBUG 1292 --- [http-nio-8080-exec-1] c.s.c.mapper.UserMapper.selectByExample  : ==>  Preparing: select generate_id, account_id, name, token, gmt_create, gmt_modify, avatar_url from user WHERE ( account_id = ? ) 
2020-03-17 00:25:08.182 DEBUG 1292 --- [http-nio-8080-exec-1] c.s.c.mapper.UserMapper.selectByExample  : ==> Parameters: 48281891(Long)
2020-03-17 00:25:08.183 DEBUG 1292 --- [http-nio-8080-exec-1] c.s.c.mapper.UserMapper.selectByExample  : <==      Total: 1
2020-03-17 00:25:34.092  INFO 1292 --- [SpringContextShutdownHook] com.zaxxer.hikari.HikariDataSource       : HikariPool-1 - Shutdown initiated...
2020-03-17 00:25:34.107  INFO 1292 --- [SpringContextShutdownHook] com.zaxxer.hikari.HikariDataSource       : HikariPool-1 - Shutdown completed.
2020-03-17 00:25:36.708  INFO 14628 --- [main] c.s.community.CommunityApplication       : Starting CommunityApplication on DESKTOP-VCDINT4 with PID 14628 (E:\Java\community\target\classes started by sofency in E:\Java\community)
2020-03-17 00:25:36.711  INFO 14628 --- [main] c.s.community.CommunityApplication       : No active profile set, falling back to default profiles: default
2020-03-17 00:25:37.206  INFO 14628 --- [main] .s.d.r.c.RepositoryConfigurationDelegate : Multiple Spring Data modules found, entering strict repository configuration mode!
2020-03-17 00:25:37.208  INFO 14628 --- [main] .s.d.r.c.RepositoryConfigurationDelegate : Bootstrapping Spring Data Redis repositories in DEFAULT mode.
2020-03-17 00:25:37.239  INFO 14628 --- [main] .s.d.r.c.RepositoryConfigurationDelegate : Finished Spring Data repository scanning in 20ms. Found 0 Redis repository interfaces.
2020-03-17 00:25:37.440  INFO 14628 --- [main] trationDelegate$BeanPostProcessorChecker : Bean 'org.springframework.transaction.annotation.ProxyTransactionManagementConfiguration' of type [org.springframework.transaction.annotation.ProxyTransactionManagementConfiguration] is not eligible for getting processed by all BeanPostProcessors (for example: not eligible for auto-proxying)
2020-03-17 00:25:37.611  INFO 14628 --- [main] o.s.b.w.embedded.tomcat.TomcatWebServer  : Tomcat initialized with port(s): 8080 (http)
2020-03-17 00:25:37.618  INFO 14628 --- [main] o.apache.catalina.core.StandardService   : Starting service [Tomcat]
2020-03-17 00:25:37.618  INFO 14628 --- [main] org.apache.catalina.core.StandardEngine  : Starting Servlet engine: [Apache Tomcat/9.0.30]
2020-03-17 00:25:37.684  INFO 14628 --- [main] o.a.c.c.C.[Tomcat].[localhost].[/]       : Initializing Spring embedded WebApplicationContext
2020-03-17 00:25:37.685  INFO 14628 --- [main] o.s.web.context.ContextLoader            : Root WebApplicationContext: initialization completed in 932 ms
2020-03-17 00:25:38.366  INFO 14628 --- [main] o.s.b.w.embedded.tomcat.TomcatWebServer  : Tomcat started on port(s): 8080 (http) with context path ''
2020-03-17 00:25:38.368  INFO 14628 --- [main] c.s.community.CommunityApplication       : Started CommunityApplication in 1.976 seconds (JVM running for 2.688)
2020-03-17 00:25:43.525  INFO 14628 --- [http-nio-8080-exec-1] o.a.c.c.C.[Tomcat].[localhost].[/]       : Initializing Spring DispatcherServlet 'dispatcherServlet'
2020-03-17 00:25:43.526  INFO 14628 --- [http-nio-8080-exec-1] o.s.web.servlet.DispatcherServlet        : Initializing Servlet 'dispatcherServlet'
2020-03-17 00:25:43.533  INFO 14628 --- [http-nio-8080-exec-1] o.s.web.servlet.DispatcherServlet        : Completed initialization in 7 ms
2020-03-17 00:25:43.596  INFO 14628 --- [http-nio-8080-exec-1] com.zaxxer.hikari.HikariDataSource       : HikariPool-1 - Starting...
2020-03-17 00:25:44.019  INFO 14628 --- [http-nio-8080-exec-1] com.zaxxer.hikari.HikariDataSource       : HikariPool-1 - Start completed.
2020-03-17 00:25:44.025 DEBUG 14628 --- [http-nio-8080-exec-1] .Q.selectByExampleWithBLOBsWithRowbounds : ==>  Preparing: select id, title, tag, like_count, view_count, creator_id, comment_count, gmt_create, gmt_modify , description from question 
2020-03-17 00:25:44.041 DEBUG 14628 --- [http-nio-8080-exec-1] .Q.selectByExampleWithBLOBsWithRowbounds : ==> Parameters: 
2020-03-17 00:25:44.059 DEBUG 14628 --- [http-nio-8080-exec-1] .Q.selectByExampleWithBLOBsWithRowbounds : <==      Total: 2
2020-03-17 00:25:44.063 DEBUG 14628 --- [http-nio-8080-exec-1] c.s.c.m.QuestionMapper.countByExample    : ==>  Preparing: select count(*) from question 
2020-03-17 00:25:44.063 DEBUG 14628 --- [http-nio-8080-exec-1] c.s.c.m.QuestionMapper.countByExample    : ==> Parameters: 
2020-03-17 00:25:44.067 DEBUG 14628 --- [http-nio-8080-exec-1] c.s.c.m.QuestionMapper.countByExample    : <==      Total: 1
2020-03-17 00:25:44.082 DEBUG 14628 --- [http-nio-8080-exec-1] c.s.c.mapper.UserMapper.selectByExample  : ==>  Preparing: select generate_id, account_id, name, token, gmt_create, gmt_modify, avatar_url from user WHERE ( account_id = ? ) 
2020-03-17 00:25:44.083 DEBUG 14628 --- [http-nio-8080-exec-1] c.s.c.mapper.UserMapper.selectByExample  : ==> Parameters: 48281891(Long)
2020-03-17 00:25:44.084 DEBUG 14628 --- [http-nio-8080-exec-1] c.s.c.mapper.UserMapper.selectByExample  : <==      Total: 1
2020-03-17 00:25:44.096 DEBUG 14628 --- [http-nio-8080-exec-1] c.s.c.mapper.UserMapper.selectByExample  : ==>  Preparing: select generate_id, account_id, name, token, gmt_create, gmt_modify, avatar_url from user WHERE ( account_id = ? ) 
2020-03-17 00:25:44.096 DEBUG 14628 --- [http-nio-8080-exec-1] c.s.c.mapper.UserMapper.selectByExample  : ==> Parameters: 48281891(Long)
2020-03-17 00:25:44.097 DEBUG 14628 --- [http-nio-8080-exec-1] c.s.c.mapper.UserMapper.selectByExample  : <==      Total: 1
2020-03-17 00:28:36.091  INFO 14628 --- [SpringContextShutdownHook] com.zaxxer.hikari.HikariDataSource       : HikariPool-1 - Shutdown initiated...
2020-03-17 00:28:36.103  INFO 14628 --- [SpringContextShutdownHook] com.zaxxer.hikari.HikariDataSource       : HikariPool-1 - Shutdown completed.
2020-03-17 00:28:39.778  INFO 17088 --- [main] c.s.community.CommunityApplication       : Starting CommunityApplication on DESKTOP-VCDINT4 with PID 17088 (E:\Java\community\target\classes started by sofency in E:\Java\community)
2020-03-17 00:28:39.786  INFO 17088 --- [main] c.s.community.CommunityApplication       : No active profile set, falling back to default profiles: default
2020-03-17 00:28:40.283  INFO 17088 --- [main] .s.d.r.c.RepositoryConfigurationDelegate : Multiple Spring Data modules found, entering strict repository configuration mode!
2020-03-17 00:28:40.285  INFO 17088 --- [main] .s.d.r.c.RepositoryConfigurationDelegate : Bootstrapping Spring Data Redis repositories in DEFAULT mode.
2020-03-17 00:28:40.318  INFO 17088 --- [main] .s.d.r.c.RepositoryConfigurationDelegate : Finished Spring Data repository scanning in 22ms. Found 0 Redis repository interfaces.
2020-03-17 00:28:40.530  INFO 17088 --- [main] trationDelegate$BeanPostProcessorChecker : Bean 'org.springframework.transaction.annotation.ProxyTransactionManagementConfiguration' of type [org.springframework.transaction.annotation.ProxyTransactionManagementConfiguration] is not eligible for getting processed by all BeanPostProcessors (for example: not eligible for auto-proxying)
2020-03-17 00:28:40.710  INFO 17088 --- [main] o.s.b.w.embedded.tomcat.TomcatWebServer  : Tomcat initialized with port(s): 8080 (http)
2020-03-17 00:28:40.717  INFO 17088 --- [main] o.apache.catalina.core.StandardService   : Starting service [Tomcat]
2020-03-17 00:28:40.718  INFO 17088 --- [main] org.apache.catalina.core.StandardEngine  : Starting Servlet engine: [Apache Tomcat/9.0.30]
2020-03-17 00:28:40.774  INFO 17088 --- [main] o.a.c.c.C.[Tomcat].[localhost].[/]       : Initializing Spring embedded WebApplicationContext
2020-03-17 00:28:40.774  INFO 17088 --- [main] o.s.web.context.ContextLoader            : Root WebApplicationContext: initialization completed in 947 ms
2020-03-17 00:28:41.466  INFO 17088 --- [main] o.s.b.w.embedded.tomcat.TomcatWebServer  : Tomcat started on port(s): 8080 (http) with context path ''
2020-03-17 00:28:41.468  INFO 17088 --- [main] c.s.community.CommunityApplication       : Started CommunityApplication in 2.004 seconds (JVM running for 2.626)
2020-03-17 00:28:45.378  INFO 17088 --- [http-nio-8080-exec-1] o.a.c.c.C.[Tomcat].[localhost].[/]       : Initializing Spring DispatcherServlet 'dispatcherServlet'
2020-03-17 00:28:45.378  INFO 17088 --- [http-nio-8080-exec-1] o.s.web.servlet.DispatcherServlet        : Initializing Servlet 'dispatcherServlet'
2020-03-17 00:28:45.382  INFO 17088 --- [http-nio-8080-exec-1] o.s.web.servlet.DispatcherServlet        : Completed initialization in 4 ms
2020-03-17 00:28:45.429  INFO 17088 --- [http-nio-8080-exec-1] com.zaxxer.hikari.HikariDataSource       : HikariPool-1 - Starting...
2020-03-17 00:28:45.752  INFO 17088 --- [http-nio-8080-exec-1] com.zaxxer.hikari.HikariDataSource       : HikariPool-1 - Start completed.
2020-03-17 00:28:45.757 DEBUG 17088 --- [http-nio-8080-exec-1] .Q.selectByExampleWithBLOBsWithRowbounds : ==>  Preparing: select id, title, tag, like_count, view_count, creator_id, comment_count, gmt_create, gmt_modify , description from question 
2020-03-17 00:28:45.772 DEBUG 17088 --- [http-nio-8080-exec-1] .Q.selectByExampleWithBLOBsWithRowbounds : ==> Parameters: 
2020-03-17 00:28:45.789 DEBUG 17088 --- [http-nio-8080-exec-1] .Q.selectByExampleWithBLOBsWithRowbounds : <==      Total: 2
2020-03-17 00:28:45.793 DEBUG 17088 --- [http-nio-8080-exec-1] c.s.c.m.QuestionMapper.countByExample    : ==>  Preparing: select count(*) from question 
2020-03-17 00:28:45.793 DEBUG 17088 --- [http-nio-8080-exec-1] c.s.c.m.QuestionMapper.countByExample    : ==> Parameters: 
2020-03-17 00:28:45.796 DEBUG 17088 --- [http-nio-8080-exec-1] c.s.c.m.QuestionMapper.countByExample    : <==      Total: 1
2020-03-17 00:28:45.806 DEBUG 17088 --- [http-nio-8080-exec-1] c.s.c.mapper.UserMapper.selectByExample  : ==>  Preparing: select generate_id, account_id, name, token, gmt_create, gmt_modify, avatar_url from user WHERE ( account_id = ? ) 
2020-03-17 00:28:45.807 DEBUG 17088 --- [http-nio-8080-exec-1] c.s.c.mapper.UserMapper.selectByExample  : ==> Parameters: 48281891(Long)
2020-03-17 00:28:45.809 DEBUG 17088 --- [http-nio-8080-exec-1] c.s.c.mapper.UserMapper.selectByExample  : <==      Total: 1
2020-03-17 00:28:45.819 DEBUG 17088 --- [http-nio-8080-exec-1] c.s.c.mapper.UserMapper.selectByExample  : ==>  Preparing: select generate_id, account_id, name, token, gmt_create, gmt_modify, avatar_url from user WHERE ( account_id = ? ) 
2020-03-17 00:28:45.820 DEBUG 17088 --- [http-nio-8080-exec-1] c.s.c.mapper.UserMapper.selectByExample  : ==> Parameters: 48281891(Long)
2020-03-17 00:28:45.821 DEBUG 17088 --- [http-nio-8080-exec-1] c.s.c.mapper.UserMapper.selectByExample  : <==      Total: 1
2020-03-17 00:29:09.944 DEBUG 17088 --- [http-nio-8080-exec-2] c.s.c.m.F.selectByExample                : ==>  Preparing: select id, password, email, github_url, gmt_create, tags from forumusers WHERE ( email = ? ) 
2020-03-17 00:29:09.944 DEBUG 17088 --- [http-nio-8080-exec-2] c.s.c.m.F.selectByExample                : ==> Parameters: sofency@qq.com(String)
2020-03-17 00:29:09.952 DEBUG 17088 --- [http-nio-8080-exec-2] c.s.c.m.F.selectByExample                : <==      Total: 0
2020-03-17 00:29:09.952 DEBUG 17088 --- [http-nio-8080-exec-2] c.s.c.mapper.ForumUsersMapper.insert     : ==>  Preparing: insert into forumusers (id, password, email, github_url, gmt_create, tags ) values (?, ?, ?, ?, ?, ? ) 
2020-03-17 00:29:09.953 DEBUG 17088 --- [http-nio-8080-exec-2] c.s.c.mapper.ForumUsersMapper.insert     : ==> Parameters: null, 11(String), sofency@qq.com(String), null, 1584376149952(Long), null
2020-03-17 00:29:09.971 DEBUG 17088 --- [http-nio-8080-exec-2] c.s.c.mapper.ForumUsersMapper.insert     : <==    Updates: 1
2020-03-17 00:29:09.972  INFO 17088 --- [SpringContextShutdownHook] com.zaxxer.hikari.HikariDataSource       : HikariPool-1 - Shutdown initiated...
2020-03-17 00:29:09.980  INFO 17088 --- [SpringContextShutdownHook] com.zaxxer.hikari.HikariDataSource       : HikariPool-1 - Shutdown completed.
2020-03-17 00:29:14.178  INFO 17508 --- [main] c.s.community.CommunityApplication       : Starting CommunityApplication on DESKTOP-VCDINT4 with PID 17508 (E:\Java\community\target\classes started by sofency in E:\Java\community)
2020-03-17 00:29:14.180  INFO 17508 --- [main] c.s.community.CommunityApplication       : No active profile set, falling back to default profiles: default
2020-03-17 00:29:14.637  INFO 17508 --- [main] .s.d.r.c.RepositoryConfigurationDelegate : Multiple Spring Data modules found, entering strict repository configuration mode!
2020-03-17 00:29:14.639  INFO 17508 --- [main] .s.d.r.c.RepositoryConfigurationDelegate : Bootstrapping Spring Data Redis repositories in DEFAULT mode.
2020-03-17 00:29:14.661  INFO 17508 --- [main] .s.d.r.c.RepositoryConfigurationDelegate : Finished Spring Data repository scanning in 13ms. Found 0 Redis repository interfaces.
2020-03-17 00:29:14.841  INFO 17508 --- [main] trationDelegate$BeanPostProcessorChecker : Bean 'org.springframework.transaction.annotation.ProxyTransactionManagementConfiguration' of type [org.springframework.transaction.annotation.ProxyTransactionManagementConfiguration] is not eligible for getting processed by all BeanPostProcessors (for example: not eligible for auto-proxying)
2020-03-17 00:29:14.993  INFO 17508 --- [main] o.s.b.w.embedded.tomcat.TomcatWebServer  : Tomcat initialized with port(s): 8080 (http)
2020-03-17 00:29:14.999  INFO 17508 --- [main] o.apache.catalina.core.StandardService   : Starting service [Tomcat]
2020-03-17 00:29:14.999  INFO 17508 --- [main] org.apache.catalina.core.StandardEngine  : Starting Servlet engine: [Apache Tomcat/9.0.30]
2020-03-17 00:29:15.082  INFO 17508 --- [main] o.a.c.c.C.[Tomcat].[localhost].[/]       : Initializing Spring embedded WebApplicationContext
2020-03-17 00:29:15.082  INFO 17508 --- [main] o.s.web.context.ContextLoader            : Root WebApplicationContext: initialization completed in 855 ms
2020-03-17 00:29:15.685  INFO 17508 --- [main] o.s.b.w.embedded.tomcat.TomcatWebServer  : Tomcat started on port(s): 8080 (http) with context path ''
2020-03-17 00:29:15.687  INFO 17508 --- [main] c.s.community.CommunityApplication       : Started CommunityApplication in 1.749 seconds (JVM running for 2.219)
2020-03-17 00:29:24.034  INFO 17508 --- [http-nio-8080-exec-1] o.a.c.c.C.[Tomcat].[localhost].[/]       : Initializing Spring DispatcherServlet 'dispatcherServlet'
2020-03-17 00:29:24.034  INFO 17508 --- [http-nio-8080-exec-1] o.s.web.servlet.DispatcherServlet        : Initializing Servlet 'dispatcherServlet'
2020-03-17 00:29:24.038  INFO 17508 --- [http-nio-8080-exec-1] o.s.web.servlet.DispatcherServlet        : Completed initialization in 3 ms
2020-03-17 00:29:24.077  INFO 17508 --- [http-nio-8080-exec-1] com.zaxxer.hikari.HikariDataSource       : HikariPool-1 - Starting...
2020-03-17 00:29:24.360  INFO 17508 --- [http-nio-8080-exec-1] com.zaxxer.hikari.HikariDataSource       : HikariPool-1 - Start completed.
2020-03-17 00:29:24.365 DEBUG 17508 --- [http-nio-8080-exec-1] .Q.selectByExampleWithBLOBsWithRowbounds : ==>  Preparing: select id, title, tag, like_count, view_count, creator_id, comment_count, gmt_create, gmt_modify , description from question 
2020-03-17 00:29:24.378 DEBUG 17508 --- [http-nio-8080-exec-1] .Q.selectByExampleWithBLOBsWithRowbounds : ==> Parameters: 
2020-03-17 00:29:24.393 DEBUG 17508 --- [http-nio-8080-exec-1] .Q.selectByExampleWithBLOBsWithRowbounds : <==      Total: 2
2020-03-17 00:29:24.397 DEBUG 17508 --- [http-nio-8080-exec-1] c.s.c.m.QuestionMapper.countByExample    : ==>  Preparing: select count(*) from question 
2020-03-17 00:29:24.397 DEBUG 17508 --- [http-nio-8080-exec-1] c.s.c.m.QuestionMapper.countByExample    : ==> Parameters: 
2020-03-17 00:29:24.399 DEBUG 17508 --- [http-nio-8080-exec-1] c.s.c.m.QuestionMapper.countByExample    : <==      Total: 1
2020-03-17 00:29:24.409 DEBUG 17508 --- [http-nio-8080-exec-1] c.s.c.mapper.UserMapper.selectByExample  : ==>  Preparing: select generate_id, account_id, name, token, gmt_create, gmt_modify, avatar_url from user WHERE ( account_id = ? ) 
2020-03-17 00:29:24.409 DEBUG 17508 --- [http-nio-8080-exec-1] c.s.c.mapper.UserMapper.selectByExample  : ==> Parameters: 48281891(Long)
2020-03-17 00:29:24.411 DEBUG 17508 --- [http-nio-8080-exec-1] c.s.c.mapper.UserMapper.selectByExample  : <==      Total: 1
2020-03-17 00:29:24.420 DEBUG 17508 --- [http-nio-8080-exec-1] c.s.c.mapper.UserMapper.selectByExample  : ==>  Preparing: select generate_id, account_id, name, token, gmt_create, gmt_modify, avatar_url from user WHERE ( account_id = ? ) 
2020-03-17 00:29:24.421 DEBUG 17508 --- [http-nio-8080-exec-1] c.s.c.mapper.UserMapper.selectByExample  : ==> Parameters: 48281891(Long)
2020-03-17 00:29:24.422 DEBUG 17508 --- [http-nio-8080-exec-1] c.s.c.mapper.UserMapper.selectByExample  : <==      Total: 1
2020-03-17 00:29:34.313 DEBUG 17508 --- [http-nio-8080-exec-6] c.s.c.m.F.selectByExample                : ==>  Preparing: select id, password, email, github_url, gmt_create, tags from forumusers WHERE ( email = ? ) 
2020-03-17 00:29:34.313 DEBUG 17508 --- [http-nio-8080-exec-6] c.s.c.m.F.selectByExample                : ==> Parameters: sofency@qq.com(String)
2020-03-17 00:29:34.319 DEBUG 17508 --- [http-nio-8080-exec-6] c.s.c.m.F.selectByExample                : <==      Total: 1
2020-03-17 00:30:58.357  INFO 13984 --- [main] c.s.community.CommunityApplication       : Starting CommunityApplication on DESKTOP-VCDINT4 with PID 13984 (E:\Java\community\target\classes started by sofency in E:\Java\community)
2020-03-17 00:30:58.359  INFO 13984 --- [main] c.s.community.CommunityApplication       : No active profile set, falling back to default profiles: default
2020-03-17 00:30:58.793  INFO 13984 --- [main] .s.d.r.c.RepositoryConfigurationDelegate : Multiple Spring Data modules found, entering strict repository configuration mode!
2020-03-17 00:30:58.794  INFO 13984 --- [main] .s.d.r.c.RepositoryConfigurationDelegate : Bootstrapping Spring Data Redis repositories in DEFAULT mode.
2020-03-17 00:30:58.816  INFO 13984 --- [main] .s.d.r.c.RepositoryConfigurationDelegate : Finished Spring Data repository scanning in 12ms. Found 0 Redis repository interfaces.
2020-03-17 00:30:58.993  INFO 13984 --- [main] trationDelegate$BeanPostProcessorChecker : Bean 'org.springframework.transaction.annotation.ProxyTransactionManagementConfiguration' of type [org.springframework.transaction.annotation.ProxyTransactionManagementConfiguration] is not eligible for getting processed by all BeanPostProcessors (for example: not eligible for auto-proxying)
2020-03-17 00:30:59.145  INFO 13984 --- [main] o.s.b.w.embedded.tomcat.TomcatWebServer  : Tomcat initialized with port(s): 8080 (http)
2020-03-17 00:30:59.152  INFO 13984 --- [main] o.apache.catalina.core.StandardService   : Starting service [Tomcat]
2020-03-17 00:30:59.152  INFO 13984 --- [main] org.apache.catalina.core.StandardEngine  : Starting Servlet engine: [Apache Tomcat/9.0.30]
2020-03-17 00:30:59.200  INFO 13984 --- [main] o.a.c.c.C.[Tomcat].[localhost].[/]       : Initializing Spring embedded WebApplicationContext
2020-03-17 00:30:59.200  INFO 13984 --- [main] o.s.web.context.ContextLoader            : Root WebApplicationContext: initialization completed in 809 ms
2020-03-17 00:30:59.818  INFO 13984 --- [main] o.s.b.w.embedded.tomcat.TomcatWebServer  : Tomcat started on port(s): 8080 (http) with context path ''
2020-03-17 00:30:59.820  INFO 13984 --- [main] c.s.community.CommunityApplication       : Started CommunityApplication in 1.689 seconds (JVM running for 2.329)
2020-03-17 00:31:14.691  INFO 13984 --- [http-nio-8080-exec-1] o.a.c.c.C.[Tomcat].[localhost].[/]       : Initializing Spring DispatcherServlet 'dispatcherServlet'
2020-03-17 00:31:14.691  INFO 13984 --- [http-nio-8080-exec-1] o.s.web.servlet.DispatcherServlet        : Initializing Servlet 'dispatcherServlet'
2020-03-17 00:31:14.694  INFO 13984 --- [http-nio-8080-exec-1] o.s.web.servlet.DispatcherServlet        : Completed initialization in 3 ms
2020-03-17 00:31:14.732  INFO 13984 --- [http-nio-8080-exec-1] com.zaxxer.hikari.HikariDataSource       : HikariPool-1 - Starting...
2020-03-17 00:31:15.006  INFO 13984 --- [http-nio-8080-exec-1] com.zaxxer.hikari.HikariDataSource       : HikariPool-1 - Start completed.
2020-03-17 00:31:15.011 DEBUG 13984 --- [http-nio-8080-exec-1] .Q.selectByExampleWithBLOBsWithRowbounds : ==>  Preparing: select id, title, tag, like_count, view_count, creator_id, comment_count, gmt_create, gmt_modify , description from question 
2020-03-17 00:31:15.024 DEBUG 13984 --- [http-nio-8080-exec-1] .Q.selectByExampleWithBLOBsWithRowbounds : ==> Parameters: 
2020-03-17 00:31:15.037 DEBUG 13984 --- [http-nio-8080-exec-1] .Q.selectByExampleWithBLOBsWithRowbounds : <==      Total: 2
2020-03-17 00:31:15.040 DEBUG 13984 --- [http-nio-8080-exec-1] c.s.c.m.QuestionMapper.countByExample    : ==>  Preparing: select count(*) from question 
2020-03-17 00:31:15.040 DEBUG 13984 --- [http-nio-8080-exec-1] c.s.c.m.QuestionMapper.countByExample    : ==> Parameters: 
2020-03-17 00:31:15.043 DEBUG 13984 --- [http-nio-8080-exec-1] c.s.c.m.QuestionMapper.countByExample    : <==      Total: 1
2020-03-17 00:31:15.052 DEBUG 13984 --- [http-nio-8080-exec-1] c.s.c.mapper.UserMapper.selectByExample  : ==>  Preparing: select generate_id, account_id, name, token, gmt_create, gmt_modify, avatar_url from user WHERE ( account_id = ? ) 
2020-03-17 00:31:15.052 DEBUG 13984 --- [http-nio-8080-exec-1] c.s.c.mapper.UserMapper.selectByExample  : ==> Parameters: 48281891(Long)
2020-03-17 00:31:15.053 DEBUG 13984 --- [http-nio-8080-exec-1] c.s.c.mapper.UserMapper.selectByExample  : <==      Total: 1
2020-03-17 00:31:15.063 DEBUG 13984 --- [http-nio-8080-exec-1] c.s.c.mapper.UserMapper.selectByExample  : ==>  Preparing: select generate_id, account_id, name, token, gmt_create, gmt_modify, avatar_url from user WHERE ( account_id = ? ) 
2020-03-17 00:31:15.064 DEBUG 13984 --- [http-nio-8080-exec-1] c.s.c.mapper.UserMapper.selectByExample  : ==> Parameters: 48281891(Long)
2020-03-17 00:31:15.065 DEBUG 13984 --- [http-nio-8080-exec-1] c.s.c.mapper.UserMapper.selectByExample  : <==      Total: 1
2020-03-17 00:31:19.091 DEBUG 13984 --- [http-nio-8080-exec-2] c.s.c.m.F.selectByExample                : ==>  Preparing: select id, password, email, github_url, gmt_create, tags from forumusers WHERE ( email = ? ) 
2020-03-17 00:31:19.091 DEBUG 13984 --- [http-nio-8080-exec-2] c.s.c.m.F.selectByExample                : ==> Parameters: sofency@qq.com(String)
2020-03-17 00:31:19.093 DEBUG 13984 --- [http-nio-8080-exec-2] c.s.c.m.F.selectByExample                : <==      Total: 1
2020-03-17 00:31:43.148 DEBUG 13984 --- [http-nio-8080-exec-3] .Q.selectByExampleWithBLOBsWithRowbounds : ==>  Preparing: select id, title, tag, like_count, view_count, creator_id, comment_count, gmt_create, gmt_modify , description from question 
2020-03-17 00:31:43.148 DEBUG 13984 --- [http-nio-8080-exec-3] .Q.selectByExampleWithBLOBsWithRowbounds : ==> Parameters: 
2020-03-17 00:31:43.150 DEBUG 13984 --- [http-nio-8080-exec-3] .Q.selectByExampleWithBLOBsWithRowbounds : <==      Total: 2
2020-03-17 00:31:43.151 DEBUG 13984 --- [http-nio-8080-exec-3] c.s.c.m.QuestionMapper.countByExample    : ==>  Preparing: select count(*) from question 
2020-03-17 00:31:43.151 DEBUG 13984 --- [http-nio-8080-exec-3] c.s.c.m.QuestionMapper.countByExample    : ==> Parameters: 
2020-03-17 00:31:43.154 DEBUG 13984 --- [http-nio-8080-exec-3] c.s.c.m.QuestionMapper.countByExample    : <==      Total: 1
2020-03-17 00:31:43.156 DEBUG 13984 --- [http-nio-8080-exec-3] c.s.c.mapper.UserMapper.selectByExample  : ==>  Preparing: select generate_id, account_id, name, token, gmt_create, gmt_modify, avatar_url from user WHERE ( account_id = ? ) 
2020-03-17 00:31:43.156 DEBUG 13984 --- [http-nio-8080-exec-3] c.s.c.mapper.UserMapper.selectByExample  : ==> Parameters: 48281891(Long)
2020-03-17 00:31:43.157 DEBUG 13984 --- [http-nio-8080-exec-3] c.s.c.mapper.UserMapper.selectByExample  : <==      Total: 1
2020-03-17 00:31:43.158 DEBUG 13984 --- [http-nio-8080-exec-3] c.s.c.mapper.UserMapper.selectByExample  : ==>  Preparing: select generate_id, account_id, name, token, gmt_create, gmt_modify, avatar_url from user WHERE ( account_id = ? ) 
2020-03-17 00:31:43.158 DEBUG 13984 --- [http-nio-8080-exec-3] c.s.c.mapper.UserMapper.selectByExample  : ==> Parameters: 48281891(Long)
2020-03-17 00:31:43.159 DEBUG 13984 --- [http-nio-8080-exec-3] c.s.c.mapper.UserMapper.selectByExample  : <==      Total: 1
2020-03-17 00:31:46.696 DEBUG 13984 --- [http-nio-8080-exec-8] .Q.selectByExampleWithBLOBsWithRowbounds : ==>  Preparing: select id, title, tag, like_count, view_count, creator_id, comment_count, gmt_create, gmt_modify , description from question 
2020-03-17 00:31:46.696 DEBUG 13984 --- [http-nio-8080-exec-8] .Q.selectByExampleWithBLOBsWithRowbounds : ==> Parameters: 
2020-03-17 00:31:46.697 DEBUG 13984 --- [http-nio-8080-exec-8] .Q.selectByExampleWithBLOBsWithRowbounds : <==      Total: 2
2020-03-17 00:31:46.698 DEBUG 13984 --- [http-nio-8080-exec-8] c.s.c.m.QuestionMapper.countByExample    : ==>  Preparing: select count(*) from question 
2020-03-17 00:31:46.698 DEBUG 13984 --- [http-nio-8080-exec-8] c.s.c.m.QuestionMapper.countByExample    : ==> Parameters: 
2020-03-17 00:31:46.700 DEBUG 13984 --- [http-nio-8080-exec-8] c.s.c.m.QuestionMapper.countByExample    : <==      Total: 1
2020-03-17 00:31:46.700 DEBUG 13984 --- [http-nio-8080-exec-8] c.s.c.mapper.UserMapper.selectByExample  : ==>  Preparing: select generate_id, account_id, name, token, gmt_create, gmt_modify, avatar_url from user WHERE ( account_id = ? ) 
2020-03-17 00:31:46.701 DEBUG 13984 --- [http-nio-8080-exec-8] c.s.c.mapper.UserMapper.selectByExample  : ==> Parameters: 48281891(Long)
2020-03-17 00:31:46.702 DEBUG 13984 --- [http-nio-8080-exec-8] c.s.c.mapper.UserMapper.selectByExample  : <==      Total: 1
2020-03-17 00:31:46.702 DEBUG 13984 --- [http-nio-8080-exec-8] c.s.c.mapper.UserMapper.selectByExample  : ==>  Preparing: select generate_id, account_id, name, token, gmt_create, gmt_modify, avatar_url from user WHERE ( account_id = ? ) 
2020-03-17 00:31:46.703 DEBUG 13984 --- [http-nio-8080-exec-8] c.s.c.mapper.UserMapper.selectByExample  : ==> Parameters: 48281891(Long)
2020-03-17 00:31:46.704 DEBUG 13984 --- [http-nio-8080-exec-8] c.s.c.mapper.UserMapper.selectByExample  : <==      Total: 1
2020-03-17 00:31:59.305 DEBUG 13984 --- [http-nio-8080-exec-2] c.s.c.m.F.selectByExample                : ==>  Preparing: select id, password, email, github_url, gmt_create, tags from forumusers WHERE ( email = ? ) 
2020-03-17 00:31:59.306 DEBUG 13984 --- [http-nio-8080-exec-2] c.s.c.m.F.selectByExample                : ==> Parameters: sofen2cy@qq.com(String)
2020-03-17 00:31:59.307 DEBUG 13984 --- [http-nio-8080-exec-2] c.s.c.m.F.selectByExample                : <==      Total: 0
2020-03-17 00:31:59.308 DEBUG 13984 --- [http-nio-8080-exec-2] c.s.c.mapper.ForumUsersMapper.insert     : ==>  Preparing: insert into forumusers (id, password, email, github_url, gmt_create, tags ) values (?, ?, ?, ?, ?, ? ) 
2020-03-17 00:31:59.309 DEBUG 13984 --- [http-nio-8080-exec-2] c.s.c.mapper.ForumUsersMapper.insert     : ==> Parameters: null, 12(String), sofen2cy@qq.com(String), null, 1584376319307(Long), null
2020-03-17 00:31:59.316 DEBUG 13984 --- [http-nio-8080-exec-2] c.s.c.mapper.ForumUsersMapper.insert     : <==    Updates: 1
2020-03-17 00:32:21.082  INFO 13620 --- [main] c.s.community.CommunityApplication       : Starting CommunityApplication on DESKTOP-VCDINT4 with PID 13620 (E:\Java\community\target\classes started by sofency in E:\Java\community)
2020-03-17 00:32:21.085  INFO 13620 --- [main] c.s.community.CommunityApplication       : No active profile set, falling back to default profiles: default
2020-03-17 00:32:21.595  INFO 13620 --- [main] .s.d.r.c.RepositoryConfigurationDelegate : Multiple Spring Data modules found, entering strict repository configuration mode!
2020-03-17 00:32:21.597  INFO 13620 --- [main] .s.d.r.c.RepositoryConfigurationDelegate : Bootstrapping Spring Data Redis repositories in DEFAULT mode.
2020-03-17 00:32:21.621  INFO 13620 --- [main] .s.d.r.c.RepositoryConfigurationDelegate : Finished Spring Data repository scanning in 14ms. Found 0 Redis repository interfaces.
2020-03-17 00:32:21.814  INFO 13620 --- [main] trationDelegate$BeanPostProcessorChecker : Bean 'org.springframework.transaction.annotation.ProxyTransactionManagementConfiguration' of type [org.springframework.transaction.annotation.ProxyTransactionManagementConfiguration] is not eligible for getting processed by all BeanPostProcessors (for example: not eligible for auto-proxying)
2020-03-17 00:32:21.965  INFO 13620 --- [main] o.s.b.w.embedded.tomcat.TomcatWebServer  : Tomcat initialized with port(s): 8080 (http)
2020-03-17 00:32:21.970  INFO 13620 --- [main] o.apache.catalina.core.StandardService   : Starting service [Tomcat]
2020-03-17 00:32:21.971  INFO 13620 --- [main] org.apache.catalina.core.StandardEngine  : Starting Servlet engine: [Apache Tomcat/9.0.30]
2020-03-17 00:32:22.036  INFO 13620 --- [main] o.a.c.c.C.[Tomcat].[localhost].[/]       : Initializing Spring embedded WebApplicationContext
2020-03-17 00:32:22.036  INFO 13620 --- [main] o.s.web.context.ContextLoader            : Root WebApplicationContext: initialization completed in 905 ms
2020-03-17 00:32:22.636  INFO 13620 --- [main] o.s.b.w.embedded.tomcat.TomcatWebServer  : Tomcat started on port(s): 8080 (http) with context path ''
2020-03-17 00:32:22.637  INFO 13620 --- [main] c.s.community.CommunityApplication       : Started CommunityApplication in 1.836 seconds (JVM running for 2.521)
2020-03-17 00:32:29.702  INFO 13620 --- [http-nio-8080-exec-1] o.a.c.c.C.[Tomcat].[localhost].[/]       : Initializing Spring DispatcherServlet 'dispatcherServlet'
2020-03-17 00:32:29.702  INFO 13620 --- [http-nio-8080-exec-1] o.s.web.servlet.DispatcherServlet        : Initializing Servlet 'dispatcherServlet'
2020-03-17 00:32:29.708  INFO 13620 --- [http-nio-8080-exec-1] o.s.web.servlet.DispatcherServlet        : Completed initialization in 6 ms
2020-03-17 00:32:29.795  INFO 13620 --- [http-nio-8080-exec-1] com.zaxxer.hikari.HikariDataSource       : HikariPool-1 - Starting...
2020-03-17 00:32:30.298  INFO 13620 --- [http-nio-8080-exec-1] com.zaxxer.hikari.HikariDataSource       : HikariPool-1 - Start completed.
2020-03-17 00:32:30.304 DEBUG 13620 --- [http-nio-8080-exec-1] c.s.c.m.F.selectByExample                : ==>  Preparing: select id, password, email, github_url, gmt_create, tags from forumusers WHERE ( email = ? ) 
2020-03-17 00:32:30.320 DEBUG 13620 --- [http-nio-8080-exec-1] c.s.c.m.F.selectByExample                : ==> Parameters: sofen2cy@qq.com(String)
2020-03-17 00:32:30.335 DEBUG 13620 --- [http-nio-8080-exec-1] c.s.c.m.F.selectByExample                : <==      Total: 1
2020-03-17 00:32:41.752 DEBUG 13620 --- [http-nio-8080-exec-2] c.s.c.m.F.selectByExample                : ==>  Preparing: select id, password, email, github_url, gmt_create, tags from forumusers WHERE ( email = ? ) 
2020-03-17 00:32:41.752 DEBUG 13620 --- [http-nio-8080-exec-2] c.s.c.m.F.selectByExample                : ==> Parameters: sofenq2cy@qq.com(String)
2020-03-17 00:32:41.753 DEBUG 13620 --- [http-nio-8080-exec-2] c.s.c.m.F.selectByExample                : <==      Total: 0
2020-03-17 00:32:41.753 DEBUG 13620 --- [http-nio-8080-exec-2] c.s.c.mapper.ForumUsersMapper.insert     : ==>  Preparing: insert into forumusers (id, password, email, github_url, gmt_create, tags ) values (?, ?, ?, ?, ?, ? ) 
2020-03-17 00:32:41.754 DEBUG 13620 --- [http-nio-8080-exec-2] c.s.c.mapper.ForumUsersMapper.insert     : ==> Parameters: null, 12(String), sofenq2cy@qq.com(String), null, 1584376361753(Long), null
2020-03-17 00:32:41.758 DEBUG 13620 --- [http-nio-8080-exec-2] c.s.c.mapper.ForumUsersMapper.insert     : <==    Updates: 1
